<?xml version="1.0" encoding="UTF-8"?>
<testng-results ignored="0" total="1" passed="1" failed="0" skipped="0">
  <reporter-output>
  </reporter-output>
  <suite started-at="2021-02-16T00:51:18Z" name="Cogmento Test Suite " finished-at="2021-02-16T00:52:49Z" duration-ms="91155">
    <groups>
    </groups>
    <test started-at="2021-02-16T00:51:18Z" name="CogmentoHappyPathTestsChrome" finished-at="2021-02-16T00:52:49Z" duration-ms="91155">
      <class name="com.cogmento.testcases.CogmentoHappyPathTests">
        <test-method is-config="true" signature="setup(java.lang.String, java.lang.String)[pri:0, instance:com.cogmento.testcases.CogmentoHappyPathTests@1e66f1f5]" started-at="2021-02-16T00:51:18Z" name="setup" finished-at="2021-02-16T00:51:34Z" duration-ms="16164" status="PASS">
          <params>
            <param index="0">
              <value>
                <![CDATA[chrome]]>
              </value>
            </param>
            <param index="1">
              <value>
                <![CDATA[https://cogmento.com]]>
              </value>
            </param>
          </params>
          <reporter-output>
          </reporter-output>
        </test-method> <!-- setup -->
        <test-method signature="addCompanyTest(java.util.Map)[pri:0, instance:com.cogmento.testcases.CogmentoHappyPathTests@1e66f1f5]" started-at="2021-02-16T00:51:35Z" name="addCompanyTest" data-provider="newCompanyDataProvider" finished-at="2021-02-16T00:52:44Z" duration-ms="69559" status="PASS">
          <params>
            <param index="0">
              <value>
                <![CDATA[{Phone - Type=Office, Description=Origin are a global leader in the design and manufacture of custom aluminum bi-fold doors and windows.
Combining a high grade aluminum with precision engineering, Origin have a proven track record in providing high quality, functional and stylish products that are built to last., Category=Prospect, Phone - Country=United States, Website=www.originbifolds.com, Address - Country=United States, Social Channels - Twitter Handle=@originbifolds, Annual Revenue=10000000, Address - Zip Code=34292, Stock Symbol=ORN, Source=Internet, Name=Origin USA Inc., Industry=Construction - Interiors, Address - Street Address=700 Commerce Drive, Identifier=10001, VAT Number=1234567, exe file suffix for Image Upload=originIncUsa.exe, Social Channels - Facebook Profile Link=https://www.facebook.com/OriginBifoldsUSA, Tags=bi-fold patio doors; best interiors; bi-fold windows, Status=Active, Address - City=Venice, Priority=High, Social Channels - LinkedIn Profile Link=https://www.linkedin.com/company/origin-frames, Num. of Employees=100, Address - State/County=Florida, Phone - Number=941-484-4861}]]>
              </value>
            </param>
          </params>
          <reporter-output>
          </reporter-output>
        </test-method> <!-- addCompanyTest -->
        <test-method is-config="true" signature="teardown()[pri:0, instance:com.cogmento.testcases.CogmentoHappyPathTests@1e66f1f5]" started-at="2021-02-16T00:52:44Z" name="teardown" finished-at="2021-02-16T00:52:49Z" duration-ms="5059" status="PASS">
          <reporter-output>
          </reporter-output>
        </test-method> <!-- teardown -->
      </class> <!-- com.cogmento.testcases.CogmentoHappyPathTests -->
    </test> <!-- CogmentoHappyPathTestsChrome -->
  </suite> <!-- Cogmento Test Suite  -->
</testng-results>
